<?xml version="1.0" encoding="UTF-8" ?>
<testsuite tests="2" failures="0" name="RunCucumberTest" time="0.122" errors="2" skipped="0">
  <properties>
[...]
</properties>
  <testcase classname="clickNews" name="ClickNews" time="0.115">
    <error message="The step &apos;find_news_head&apos; and 3 other step(s) are undefined.
You can implement these steps using the snippet(s) below:

@Then(&quot;find_news_head&quot;)
public void find_news_head() {
    // Write code here that turns the phrase above into concrete actions
    throw new io.cucumber.java.PendingException();
}
@Then(&quot;click_news&quot;)
public void click_news() {
    // Write code here that turns the phrase above into concrete actions
    throw new io.cucumber.java.PendingException();
}
@Then(&quot;find_news_example&quot;)
public void find_news_example() {
    // Write code here that turns the phrase above into concrete actions
    throw new io.cucumber.java.PendingException();
}
@Then(&quot;get_back&quot;)
public void get_back() {
    // Write code here that turns the phrase above into concrete actions
    throw new io.cucumber.java.PendingException();
}
" type="io.cucumber.junit.UndefinedStepException">io.cucumber.junit.UndefinedStepException: The step &apos;find_news_head&apos; and 3 other step(s) are undefined.
You can implement these steps using the snippet(s) below:

@Then(&quot;find_news_head&quot;)
public void find_news_head() {
    // Write code here that turns the phrase above into concrete actions
    throw new io.cucumber.java.PendingException();
}
@Then(&quot;click_news&quot;)
public void click_news() {
    // Write code here that turns the phrase above into concrete actions
    throw new io.cucumber.java.PendingException();
}
@Then(&quot;find_news_example&quot;)
public void find_news_example() {
    // Write code here that turns the phrase above into concrete actions
    throw new io.cucumber.java.PendingException();
}
@Then(&quot;get_back&quot;)
public void get_back() {
    // Write code here that turns the phrase above into concrete actions
    throw new io.cucumber.java.PendingException();
}

</error>
    <system-out>
Scenario: ClickNews      &amp;#27;[90m# src/test/resources/features/ClickNews.feature:3&amp;#27;[0m
  &amp;#27;[33mThen &amp;#27;[0m&amp;#27;[33mfind_news_head&amp;#27;[0m    &amp;#27;[90m# null&amp;#27;[0m
  &amp;#27;[36mThen &amp;#27;[0m&amp;#27;[36mclick_news&amp;#27;[0m        &amp;#27;[90m# null&amp;#27;[0m
  &amp;#27;[36mThen &amp;#27;[0m&amp;#27;[36mfind_news_example&amp;#27;[0m &amp;#27;[90m# null&amp;#27;[0m
  &amp;#27;[36mThen &amp;#27;[0m&amp;#27;[36mget_back&amp;#27;[0m          &amp;#27;[90m# null&amp;#27;[0m
</system-out>
  </testcase>
  <testcase classname="Open site" name="BasicPageHead" time="0.007">
    <error message="The step &apos;find_news&apos; and 4 other step(s) are undefined.
You can implement these steps using the snippet(s) below:

@Then(&quot;find_news&quot;)
public void find_news() {
    // Write code here that turns the phrase above into concrete actions
    throw new io.cucumber.java.PendingException();
}
@Then(&quot;find_contacts&quot;)
public void find_contacts() {
    // Write code here that turns the phrase above into concrete actions
    throw new io.cucumber.java.PendingException();
}
@Then(&quot;find_price&quot;)
public void find_price() {
    // Write code here that turns the phrase above into concrete actions
    throw new io.cucumber.java.PendingException();
}
@Then(&quot;find_promo&quot;)
public void find_promo() {
    // Write code here that turns the phrase above into concrete actions
    throw new io.cucumber.java.PendingException();
}
@Then(&quot;find_gallery&quot;)
public void find_gallery() {
    // Write code here that turns the phrase above into concrete actions
    throw new io.cucumber.java.PendingException();
}
" type="io.cucumber.junit.UndefinedStepException">io.cucumber.junit.UndefinedStepException: The step &apos;find_news&apos; and 4 other step(s) are undefined.
You can implement these steps using the snippet(s) below:

@Then(&quot;find_news&quot;)
public void find_news() {
    // Write code here that turns the phrase above into concrete actions
    throw new io.cucumber.java.PendingException();
}
@Then(&quot;find_contacts&quot;)
public void find_contacts() {
    // Write code here that turns the phrase above into concrete actions
    throw new io.cucumber.java.PendingException();
}
@Then(&quot;find_price&quot;)
public void find_price() {
    // Write code here that turns the phrase above into concrete actions
    throw new io.cucumber.java.PendingException();
}
@Then(&quot;find_promo&quot;)
public void find_promo() {
    // Write code here that turns the phrase above into concrete actions
    throw new io.cucumber.java.PendingException();
}
@Then(&quot;find_gallery&quot;)
public void find_gallery() {
    // Write code here that turns the phrase above into concrete actions
    throw new io.cucumber.java.PendingException();
}

</error>
    <system-out>
Scenario: BasicPageHead &amp;#27;[90m# src/test/resources/features/login.feature:3&amp;#27;[0m
  &amp;#27;[33mThen &amp;#27;[0m&amp;#27;[33mfind_news&amp;#27;[0m        &amp;#27;[90m# null&amp;#27;[0m
  &amp;#27;[36mThen &amp;#27;[0m&amp;#27;[36mfind_contacts&amp;#27;[0m    &amp;#27;[90m# null&amp;#27;[0m
  &amp;#27;[36mThen &amp;#27;[0m&amp;#27;[36mfind_price&amp;#27;[0m       &amp;#27;[90m# null&amp;#27;[0m
  &amp;#27;[36mThen &amp;#27;[0m&amp;#27;[36mfind_promo&amp;#27;[0m       &amp;#27;[90m# null&amp;#27;[0m
  &amp;#27;[36mThen &amp;#27;[0m&amp;#27;[36mfind_gallery&amp;#27;[0m     &amp;#27;[90m# null&amp;#27;[0m
</system-out>
  </testcase>
</testsuite>